2023-05-10 18:59:37 error: [PDOException] SQLSTATE[42S22]: Column not found: 1054 Unknown column 'Roles.id' in 'on clause' in C:\xampp\htdocs\loginuser\vendor\cakephp\cakephp\src\Database\Statement\MysqlStatement.php on line 39
Stack Trace:
- C:\xampp\htdocs\loginuser\vendor\cakephp\cakephp\src\Database\Statement\MysqlStatement.php:39
- C:\xampp\htdocs\loginuser\vendor\cakephp\cakephp\src\Database\Statement\StatementDecorator.php:180
- C:\xampp\htdocs\loginuser\vendor\cakephp\cakephp\src\Database\Log\LoggingStatement.php:77
- C:\xampp\htdocs\loginuser\vendor\cakephp\cakephp\src\Database\Connection.php:360
- C:\xampp\htdocs\loginuser\vendor\cakephp\cakephp\src\Core\Retry\CommandRetry.php:70
- C:\xampp\htdocs\loginuser\vendor\cakephp\cakephp\src\Database\Connection.php:357
- C:\xampp\htdocs\loginuser\vendor\cakephp\cakephp\src\Database\Query.php:254
- C:\xampp\htdocs\loginuser\vendor\cakephp\cakephp\src\ORM\Query.php:1148
- C:\xampp\htdocs\loginuser\vendor\cakephp\cakephp\src\Datasource\QueryTrait.php:288
- C:\xampp\htdocs\loginuser\vendor\cakephp\cakephp\src\ORM\Query.php:1096
- C:\xampp\htdocs\loginuser\vendor\cakephp\cakephp\src\Datasource\Paging\NumericPaginator.php:183
- C:\xampp\htdocs\loginuser\vendor\cakephp\cakephp\src\Controller\Controller.php:957
- C:\xampp\htdocs\loginuser\src\Controller\UsersController.php:24
- C:\xampp\htdocs\loginuser\vendor\cakephp\cakephp\src\Controller\Controller.php:547
- C:\xampp\htdocs\loginuser\vendor\cakephp\cakephp\src\Controller\ControllerFactory.php:139
- C:\xampp\htdocs\loginuser\vendor\cakephp\cakephp\src\Controller\ControllerFactory.php:114
- C:\xampp\htdocs\loginuser\vendor\cakephp\cakephp\src\Http\BaseApplication.php:320
- C:\xampp\htdocs\loginuser\vendor\cakephp\cakephp\src\Http\Runner.php:86
- C:\xampp\htdocs\loginuser\vendor\cakephp\cakephp\src\Http\Middleware\CsrfProtectionMiddleware.php:174
- C:\xampp\htdocs\loginuser\vendor\cakephp\cakephp\src\Http\Runner.php:82
- C:\xampp\htdocs\loginuser\vendor\cakephp\cakephp\src\Http\Middleware\BodyParserMiddleware.php:157
- C:\xampp\htdocs\loginuser\vendor\cakephp\cakephp\src\Http\Runner.php:82
- C:\xampp\htdocs\loginuser\vendor\cakephp\cakephp\src\Routing\Middleware\RoutingMiddleware.php:186
- C:\xampp\htdocs\loginuser\vendor\cakephp\cakephp\src\Http\Runner.php:82
- C:\xampp\htdocs\loginuser\vendor\cakephp\cakephp\src\Routing\Middleware\AssetMiddleware.php:68
- C:\xampp\htdocs\loginuser\vendor\cakephp\cakephp\src\Http\Runner.php:82
- C:\xampp\htdocs\loginuser\vendor\cakephp\cakephp\src\Error\Middleware\ErrorHandlerMiddleware.php:131
- C:\xampp\htdocs\loginuser\vendor\cakephp\cakephp\src\Http\Runner.php:82
- C:\xampp\htdocs\loginuser\vendor\cakephp\debug_kit\src\Middleware\DebugKitMiddleware.php:60
- C:\xampp\htdocs\loginuser\vendor\cakephp\cakephp\src\Http\Runner.php:82
- C:\xampp\htdocs\loginuser\vendor\cakephp\cakephp\src\Http\Runner.php:67
- C:\xampp\htdocs\loginuser\vendor\cakephp\cakephp\src\Http\Server.php:90
- C:\xampp\htdocs\loginuser\webroot\index.php:40

Request URL: /users
2023-05-10 18:59:54 error: [TypeError] Cake\Database\TypeFactory::build(): Argument #1 ($name) must be of type string, null given, called in C:\xampp\htdocs\loginuser\vendor\cakephp\cakephp\src\ORM\Table.php on line 2134 in C:\xampp\htdocs\loginuser\vendor\cakephp\cakephp\src\Database\TypeFactory.php on line 72
Stack Trace:
- C:\xampp\htdocs\loginuser\vendor\cakephp\cakephp\src\ORM\Table.php:2134
- C:\xampp\htdocs\loginuser\vendor\cakephp\cakephp\src\ORM\Table.php:2059
- C:\xampp\htdocs\loginuser\vendor\cakephp\cakephp\src\ORM\Table.php:1984
- C:\xampp\htdocs\loginuser\vendor\cakephp\cakephp\src\ORM\Table.php:1883
- C:\xampp\htdocs\loginuser\vendor\cakephp\cakephp\src\ORM\Table.php:1570
- C:\xampp\htdocs\loginuser\vendor\cakephp\cakephp\src\Database\Connection.php:709
- C:\xampp\htdocs\loginuser\vendor\cakephp\cakephp\src\ORM\Table.php:1569
- C:\xampp\htdocs\loginuser\vendor\cakephp\cakephp\src\ORM\Table.php:1882
- C:\xampp\htdocs\loginuser\src\Controller\RolesController.php:52
- C:\xampp\htdocs\loginuser\vendor\cakephp\cakephp\src\Controller\Controller.php:547
- C:\xampp\htdocs\loginuser\vendor\cakephp\cakephp\src\Controller\ControllerFactory.php:139
- C:\xampp\htdocs\loginuser\vendor\cakephp\cakephp\src\Controller\ControllerFactory.php:114
- C:\xampp\htdocs\loginuser\vendor\cakephp\cakephp\src\Http\BaseApplication.php:320
- C:\xampp\htdocs\loginuser\vendor\cakephp\cakephp\src\Http\Runner.php:86
- C:\xampp\htdocs\loginuser\vendor\cakephp\cakephp\src\Http\Middleware\CsrfProtectionMiddleware.php:174
- C:\xampp\htdocs\loginuser\vendor\cakephp\cakephp\src\Http\Runner.php:82
- C:\xampp\htdocs\loginuser\vendor\cakephp\cakephp\src\Http\Middleware\BodyParserMiddleware.php:162
- C:\xampp\htdocs\loginuser\vendor\cakephp\cakephp\src\Http\Runner.php:82
- C:\xampp\htdocs\loginuser\vendor\cakephp\cakephp\src\Routing\Middleware\RoutingMiddleware.php:186
- C:\xampp\htdocs\loginuser\vendor\cakephp\cakephp\src\Http\Runner.php:82
- C:\xampp\htdocs\loginuser\vendor\cakephp\cakephp\src\Routing\Middleware\AssetMiddleware.php:68
- C:\xampp\htdocs\loginuser\vendor\cakephp\cakephp\src\Http\Runner.php:82
- C:\xampp\htdocs\loginuser\vendor\cakephp\cakephp\src\Error\Middleware\ErrorHandlerMiddleware.php:131
- C:\xampp\htdocs\loginuser\vendor\cakephp\cakephp\src\Http\Runner.php:82
- C:\xampp\htdocs\loginuser\vendor\cakephp\debug_kit\src\Middleware\DebugKitMiddleware.php:60
- C:\xampp\htdocs\loginuser\vendor\cakephp\cakephp\src\Http\Runner.php:82
- C:\xampp\htdocs\loginuser\vendor\cakephp\cakephp\src\Http\Runner.php:67
- C:\xampp\htdocs\loginuser\vendor\cakephp\cakephp\src\Http\Server.php:90
- C:\xampp\htdocs\loginuser\webroot\index.php:40

Request URL: /roles/add
Referer URL: http://localhost/loginuser/roles/add
2024-03-12 01:00:29 error: [Cake\Http\Exception\MissingControllerException] Controller class User could not be found. in C:\xampp\htdocs\loginuser\vendor\cakephp\cakephp\src\Controller\ControllerFactory.php on line 348
Exception Attributes: array (
  'controller' => 'User',
  'plugin' => NULL,
  'prefix' => NULL,
  '_ext' => NULL,
  'class' => 'User',
)
Stack Trace:
- C:\xampp\htdocs\loginuser\vendor\cakephp\cakephp\src\Controller\ControllerFactory.php:74
- C:\xampp\htdocs\loginuser\vendor\cakephp\cakephp\src\Http\BaseApplication.php:318
- C:\xampp\htdocs\loginuser\vendor\cakephp\cakephp\src\Http\Runner.php:86
- C:\xampp\htdocs\loginuser\vendor\cakephp\cakephp\src\Http\Middleware\CsrfProtectionMiddleware.php:174
- C:\xampp\htdocs\loginuser\vendor\cakephp\cakephp\src\Http\Runner.php:82
- C:\xampp\htdocs\loginuser\vendor\cakephp\cakephp\src\Http\Middleware\BodyParserMiddleware.php:157
- C:\xampp\htdocs\loginuser\vendor\cakephp\cakephp\src\Http\Runner.php:82
- C:\xampp\htdocs\loginuser\vendor\cakephp\cakephp\src\Routing\Middleware\RoutingMiddleware.php:186
- C:\xampp\htdocs\loginuser\vendor\cakephp\cakephp\src\Http\Runner.php:82
- C:\xampp\htdocs\loginuser\vendor\cakephp\cakephp\src\Routing\Middleware\AssetMiddleware.php:68
- C:\xampp\htdocs\loginuser\vendor\cakephp\cakephp\src\Http\Runner.php:82
- C:\xampp\htdocs\loginuser\vendor\cakephp\cakephp\src\Error\Middleware\ErrorHandlerMiddleware.php:131
- C:\xampp\htdocs\loginuser\vendor\cakephp\cakephp\src\Http\Runner.php:82
- C:\xampp\htdocs\loginuser\vendor\cakephp\debug_kit\src\Middleware\DebugKitMiddleware.php:60
- C:\xampp\htdocs\loginuser\vendor\cakephp\cakephp\src\Http\Runner.php:82
- C:\xampp\htdocs\loginuser\vendor\cakephp\cakephp\src\Http\Runner.php:67
- C:\xampp\htdocs\loginuser\vendor\cakephp\cakephp\src\Http\Server.php:90
- C:\xampp\htdocs\loginuser\webroot\index.php:40

Request URL: /user
2024-10-01 16:21:35 error: [Cake\Http\Exception\MissingControllerException] Controller class Loginuser could not be found. in C:\xampp\htdocs\loginuser\vendor\cakephp\cakephp\src\Controller\ControllerFactory.php on line 348
Exception Attributes: array (
  'controller' => 'Loginuser',
  'plugin' => NULL,
  'prefix' => NULL,
  '_ext' => NULL,
  'class' => 'Loginuser',
)
Stack Trace:
- C:\xampp\htdocs\loginuser\vendor\cakephp\cakephp\src\Controller\ControllerFactory.php:74
- C:\xampp\htdocs\loginuser\vendor\cakephp\cakephp\src\Http\BaseApplication.php:318
- C:\xampp\htdocs\loginuser\vendor\cakephp\cakephp\src\Http\Runner.php:86
- C:\xampp\htdocs\loginuser\vendor\cakephp\cakephp\src\Http\Middleware\CsrfProtectionMiddleware.php:174
- C:\xampp\htdocs\loginuser\vendor\cakephp\cakephp\src\Http\Runner.php:82
- C:\xampp\htdocs\loginuser\vendor\cakephp\cakephp\src\Http\Middleware\BodyParserMiddleware.php:157
- C:\xampp\htdocs\loginuser\vendor\cakephp\cakephp\src\Http\Runner.php:82
- C:\xampp\htdocs\loginuser\vendor\cakephp\cakephp\src\Routing\Middleware\RoutingMiddleware.php:186
- C:\xampp\htdocs\loginuser\vendor\cakephp\cakephp\src\Http\Runner.php:82
- C:\xampp\htdocs\loginuser\vendor\cakephp\cakephp\src\Routing\Middleware\AssetMiddleware.php:68
- C:\xampp\htdocs\loginuser\vendor\cakephp\cakephp\src\Http\Runner.php:82
- C:\xampp\htdocs\loginuser\vendor\cakephp\cakephp\src\Error\Middleware\ErrorHandlerMiddleware.php:131
- C:\xampp\htdocs\loginuser\vendor\cakephp\cakephp\src\Http\Runner.php:82
- C:\xampp\htdocs\loginuser\vendor\cakephp\debug_kit\src\Middleware\DebugKitMiddleware.php:60
- C:\xampp\htdocs\loginuser\vendor\cakephp\cakephp\src\Http\Runner.php:82
- C:\xampp\htdocs\loginuser\vendor\cakephp\cakephp\src\Http\Runner.php:67
- C:\xampp\htdocs\loginuser\vendor\cakephp\cakephp\src\Http\Server.php:90
- C:\xampp\htdocs\loginuser\webroot\index.php:40

Request URL: /loginuser
2024-10-01 16:31:30 error: [Cake\Core\Exception\CakeException] Could not load configuration file: C:\xampp\htdocs\loginuser\config\adminlte.php in C:\xampp\htdocs\loginuser\vendor\cakephp\cakephp\src\Core\Configure\FileConfigTrait.php on line 69
Stack Trace:
- C:\xampp\htdocs\loginuser\vendor\cakephp\cakephp\src\Core\Configure\Engine\PhpConfig.php:85
- C:\xampp\htdocs\loginuser\vendor\cakephp\cakephp\src\Core\Configure.php:341
- C:\xampp\htdocs\loginuser\config\bootstrap.php:224
- C:\xampp\htdocs\loginuser\vendor\cakephp\cakephp\src\Http\BaseApplication.php:173
- C:\xampp\htdocs\loginuser\src\Application.php:47
- C:\xampp\htdocs\loginuser\vendor\cakephp\cakephp\src\Http\Server.php:109
- C:\xampp\htdocs\loginuser\vendor\cakephp\cakephp\src\Http\Server.php:79
- C:\xampp\htdocs\loginuser\webroot\index.php:40

2024-10-01 16:31:39 error: [Cake\Core\Exception\CakeException] Could not load configuration file: C:\xampp\htdocs\loginuser\config\adminlte.php in C:\xampp\htdocs\loginuser\vendor\cakephp\cakephp\src\Core\Configure\FileConfigTrait.php on line 69
Stack Trace:
- C:\xampp\htdocs\loginuser\vendor\cakephp\cakephp\src\Core\Configure\Engine\PhpConfig.php:85
- C:\xampp\htdocs\loginuser\vendor\cakephp\cakephp\src\Core\Configure.php:341
- C:\xampp\htdocs\loginuser\config\bootstrap.php:224
- C:\xampp\htdocs\loginuser\vendor\cakephp\cakephp\src\Http\BaseApplication.php:173
- C:\xampp\htdocs\loginuser\src\Application.php:47
- C:\xampp\htdocs\loginuser\vendor\cakephp\cakephp\src\Http\Server.php:109
- C:\xampp\htdocs\loginuser\vendor\cakephp\cakephp\src\Http\Server.php:79
- C:\xampp\htdocs\loginuser\webroot\index.php:40

2024-10-01 16:31:43 error: [Cake\Core\Exception\CakeException] Could not load configuration file: C:\xampp\htdocs\loginuser\config\adminlte.php in C:\xampp\htdocs\loginuser\vendor\cakephp\cakephp\src\Core\Configure\FileConfigTrait.php on line 69
Stack Trace:
- C:\xampp\htdocs\loginuser\vendor\cakephp\cakephp\src\Core\Configure\Engine\PhpConfig.php:85
- C:\xampp\htdocs\loginuser\vendor\cakephp\cakephp\src\Core\Configure.php:341
- C:\xampp\htdocs\loginuser\config\bootstrap.php:224
- C:\xampp\htdocs\loginuser\vendor\cakephp\cakephp\src\Http\BaseApplication.php:173
- C:\xampp\htdocs\loginuser\src\Application.php:47
- C:\xampp\htdocs\loginuser\vendor\cakephp\cakephp\src\Http\Server.php:109
- C:\xampp\htdocs\loginuser\vendor\cakephp\cakephp\src\Http\Server.php:79
- C:\xampp\htdocs\loginuser\webroot\index.php:40

